Looking for git in: git
Using git 2.17.1 from git
> git rev-parse --show-toplevel
> git config --get commit.template
Open repository: /opt/lampp/htdocs/berbageek-laravel
> git status -z -u
> git show :app/User.php
> git check-ignore -z --stdin
> git symbolic-ref --short HEAD
> git rev-parse master
> git rev-parse --symbolic-full-name master@{u}
> git rev-list --left-right master...refs/remotes/origin/master
> git for-each-ref --format %(refname) %(objectname) --sort -committerdate
> git remote --verbose
> git status -z -u
> git symbolic-ref --short HEAD
> git rev-parse master
> git rev-parse --symbolic-full-name master@{u}
> git rev-list --left-right master...refs/remotes/origin/master
> git for-each-ref --format %(refname) %(objectname) --sort -committerdate
> git remote --verbose
> git status -z -u
> git symbolic-ref --short HEAD
> git rev-parse master
> git rev-parse --symbolic-full-name master@{u}
> git rev-list --left-right master...refs/remotes/origin/master
> git for-each-ref --format %(refname) %(objectname) --sort -committerdate
> git remote --verbose
> git check-ignore -z --stdin
> git check-ignore -z --stdin
> git check-ignore -z --stdin
> git check-ignore -z --stdin
> git show :routes/web.php
> git show :app/Http/Controllers/CommoditiesController.php
> git show :routes/web.php
> git check-ignore -z --stdin
> git show :app/Http/Controllers/CommoditiesController.php
> git show :routes/web.php
> git show :resources/views/auth/register.blade.php
> git show :app/Http/Controllers/CommoditiesController.php
> git check-ignore -z --stdin
> git check-ignore -z --stdin
> git show :resources/views/commodities/add.blade.1.php
> git ls-files --stage -- resources/views/commodities/
> git check-ignore -z --stdin
> git show :resources/views/commodities/edit.blade.php
> git ls-files --stage -- resources/views/commodities/
> git check-ignore -z --stdin
> git show :app/Http/Controllers/CommoditiesController.php
> git show :resources/views/commodities/edit.blade.php
> git ls-files --stage -- resources/views/commodities/
> git show :app/Http/Controllers/CommoditiesController.php
> git show :resources/views/commodities/edit.blade.php
> git ls-files --stage -- resources/views/commodities/
> git show :routes/web.php
> git show :app/Http/Controllers/CommoditiesController.php
> git show :routes/web.php
> git show :app/Http/Controllers/CommoditiesController.php
> git show :resources/views/commodities/edit.blade.php
> git ls-files --stage -- resources/views/commodities/
> git show :app/Http/Controllers/CommoditiesController.php
> git show :resources/views/commodities/edit.blade.php
> git ls-files --stage -- resources/views/commodities/
> git show :routes/web.php
> git show :app/Http/Controllers/CommoditiesController.php
> git show :resources/views/commodities/edit.blade.php
> git ls-files --stage -- resources/views/commodities/
> git show :resources/views/commodities/index.blade.php
